<?xml version="1.0" encoding="UTF-8"?>
<coverage generated="1593554101413" clover="3.2.0">
  <project timestamp="1593554101414" name="All files">
    <metrics statements="2" coveredstatements="2" conditionals="4" coveredconditionals="3" methods="1" coveredmethods="1" elements="7" coveredelements="6" complexity="0" loc="2" ncloc="2" packages="1" files="1" classes="1"/>
    <file name="initSession.js" path="/Users/ronerlih/development/react-passport-mongo/scripts/initSession.js">
      <metrics statements="2" coveredstatements="2" conditionals="4" coveredconditionals="3" methods="1" coveredmethods="1"/>
      <line num="1" count="1" type="stmt"/>
      <line num="2" count="1" type="stmt"/>
    </file>
  </project>
</coverage>
