{"/Users/ronerlih/development/react-passport-mongo/scripts/initSession.js": {"path":"/Users/ronerlih/development/react-passport-mongo/scripts/initSession.js","statementMap":{"0":{"start":{"line":1,"column":0},"end":{"line":9,"column":3}},"1":{"start":{"line":2,"column":4},"end":{"line":8,"column":6}}},"fnMap":{"0":{"name":"(anonymous_0)","decl":{"start":{"line":1,"column":18},"end":{"line":1,"column":19}},"loc":{"start":{"line":1,"column":55},"end":{"line":9,"column":3}},"line":1}},"branchMap":{"0":{"loc":{"start":{"line":4,"column":14},"end":{"line":4,"column":113}},"type":"cond-expr","locations":[{"start":{"line":4,"column":54},"end":{"line":4,"column":78}},{"start":{"line":4,"column":81},"end":{"line":4,"column":113}}],"line":4},"1":{"loc":{"start":{"line":4,"column":81},"end":{"line":4,"column":113}},"type":"binary-expr","locations":[{"start":{"line":4,"column":81},"end":{"line":4,"column":95}},{"start":{"line":4,"column":99},"end":{"line":4,"column":113}}],"line":4}},"s":{"0":1,"1":1},"f":{"0":1},"b":{"0":[0,1],"1":[1,1]},"_coverageSchema":"43e27e138ebf9cfc5966b082cf9a028302ed4184","hash":"186fbaf2aa1ee88a858fa793db5984ea80a2163b"}
}
